[+] Containers:
 |- [+] Container: /Game/TopDown/Maps/TopDownMap
 |   |- [+] ActorDescs:
 |   |   |- Guid:147C8D134B12D635012D5F8C57D2C96F NativeClass:/Script/Engine.PostProcessVolume Name:PostProcessVolume_1 Label:PostProcessVolume SpatiallyLoaded:false EditorBounds:IsValid=true, Min=(X=0.000 Y=0.000 Z=400.000), Max=(X=200.000 Y=200.000 Z=600.000) RuntimeBounds:IsValid=true, Min=(X=0.000 Y=0.000 Z=400.000), Max=(X=200.000 Y=200.000 Z=600.000) RuntimeGrid:None EditorOnly:false RuntimeOnly:false HLODRelevant:false ListedInSceneOutliner:true IsMainWorldOnly:false FolderPath:Lighting FolderGuid:4C9334684BA61B42C769F799D2576455
 |   |   |- Guid:1742DF43475F097453197AA79C7473D9 NativeClass:/Script/Engine.SkyLight Name:SkyLight_1 Label:SkyLight SpatiallyLoaded:false EditorBounds:IsValid=true, Min=(X=0.000 Y=0.000 Z=690.000), Max=(X=0.000 Y=0.000 Z=690.000) RuntimeBounds:IsValid=true, Min=(X=0.000 Y=0.000 Z=690.000), Max=(X=0.000 Y=0.000 Z=690.000) RuntimeGrid:None EditorOnly:false RuntimeOnly:false HLODRelevant:false ListedInSceneOutliner:true IsMainWorldOnly:false FolderPath:Lighting FolderGuid:4C9334684BA61B42C769F799D2576455
 |   |   |- Guid:2DF0D95440BE0EDA81652F860DC7268E NativeClass:/Script/Engine.WorldDataLayers Name:WorldDataLayers Label:WorldDataLayers SpatiallyLoaded:false EditorBounds:IsValid=true, Min=(X=0.000 Y=0.000 Z=0.000), Max=(X=0.000 Y=0.000 Z=0.000) RuntimeBounds:IsValid=true, Min=(X=0.000 Y=0.000 Z=0.000), Max=(X=0.000 Y=0.000 Z=0.000) RuntimeGrid:None EditorOnly:false RuntimeOnly:false HLODRelevant:false ListedInSceneOutliner:true IsMainWorldOnly:true
 |   |   |- Guid:6252C7D64ACF162A73EE65B11FE214D1 NativeClass:/Script/Engine.SkyAtmosphere Name:SkyAtmosphere_1 Label:SkyAtmosphere SpatiallyLoaded:false EditorBounds:IsValid=true, Min=(X=0.000 Y=0.000 Z=1020.000), Max=(X=0.000 Y=0.000 Z=1020.000) RuntimeBounds:IsValid=true, Min=(X=0.000 Y=0.000 Z=1020.000), Max=(X=0.000 Y=0.000 Z=1020.000) RuntimeGrid:None EditorOnly:false RuntimeOnly:false HLODRelevant:false ListedInSceneOutliner:true IsMainWorldOnly:false FolderPath:Lighting FolderGuid:4C9334684BA61B42C769F799D2576455
 |   |   |- Guid:66BCBF874D2A22ADC6523B95EE812CA3 NativeClass:/Script/Engine.StaticMeshActor Name:StaticMeshActor_UAID_A4AE111137DC5CFB00_1660657071 Label:SM_SkySphere SpatiallyLoaded:false EditorBounds:IsValid=true, Min=(X=-1638400.000 Y=-1638400.000 Z=-1638400.000), Max=(X=1638400.000 Y=1638400.000 Z=1638400.000) RuntimeBounds:IsValid=true, Min=(X=-1638400.000 Y=-1638400.000 Z=-1638400.000), Max=(X=1638400.000 Y=1638400.000 Z=1638400.000) RuntimeGrid:None EditorOnly:false RuntimeOnly:false HLODRelevant:true ListedInSceneOutliner:true IsMainWorldOnly:false FolderPath:Lighting FolderGuid:4C9334684BA61B42C769F799D2576455
 |   |   |- Guid:6B65CC204F521087C1A14C9C10C05AC9 NativeClass:/Script/Engine.CameraActor Name:CameraActor_UAID_74563CBBF616CE4702_1480103727 Label:CameraActor SpatiallyLoaded:true EditorBounds:IsValid=true, Min=(X=-310.000 Y=430.000 Z=-430.000), Max=(X=1710.000 Y=2450.000 Z=1590.000) RuntimeBounds:IsValid=true, Min=(X=700.000 Y=1440.000 Z=580.000), Max=(X=700.000 Y=1440.000 Z=580.000) RuntimeGrid:None EditorOnly:false RuntimeOnly:false HLODRelevant:false ListedInSceneOutliner:true IsMainWorldOnly:false
 |   |   |- Guid:77F893B3468595EE782136AD620D7EF4 NativeClass:/Script/Engine.VolumetricCloud Name:VolumetricCloud_0 Label:VolumetricCloud SpatiallyLoaded:false EditorBounds:IsValid=true, Min=(X=0.000 Y=0.000 Z=820.000), Max=(X=0.000 Y=0.000 Z=820.000) RuntimeBounds:IsValid=true, Min=(X=0.000 Y=0.000 Z=820.000), Max=(X=0.000 Y=0.000 Z=820.000) RuntimeGrid:None EditorOnly:false RuntimeOnly:false HLODRelevant:false ListedInSceneOutliner:true IsMainWorldOnly:false FolderPath:Lighting FolderGuid:4C9334684BA61B42C769F799D2576455
 |   |   |- Guid:AECEEEE741E6DE68F6843FA49564A956 NativeClass:/Script/Engine.DirectionalLight Name:DirectionalLight_1 Label:DirectionalLight SpatiallyLoaded:false EditorBounds:IsValid=false, Min=(X=0.000 Y=0.000 Z=0.000), Max=(X=0.000 Y=0.000 Z=0.000) RuntimeBounds:IsValid=false, Min=(X=0.000 Y=0.000 Z=0.000), Max=(X=0.000 Y=0.000 Z=0.000) RuntimeGrid:None EditorOnly:false RuntimeOnly:false HLODRelevant:false ListedInSceneOutliner:true IsMainWorldOnly:false FolderPath:Lighting FolderGuid:4C9334684BA61B42C769F799D2576455
 |   |   |- Guid:B093C322432D9446110029B33B4FB019 BaseClass:/Game/Blueprints/AI/BP_Enemy.BP_Enemy_C NativeClass:/Script/Engine.Character Name:BP_Enemy_C_UAID_74563CBBF616934802_1802842399 Label:BP_Enemy SpatiallyLoaded:true EditorBounds:IsValid=true, Min=(X=970.000 Y=2240.000 Z=16.574), Max=(X=1281.019 Y=2400.000 Z=203.456) RuntimeBounds:IsValid=true, Min=(X=1136.911 Y=2286.000 Z=16.574), Max=(X=1281.019 Y=2354.000 Z=203.456) RuntimeGrid:None EditorOnly:false RuntimeOnly:false HLODRelevant:false ListedInSceneOutliner:true IsMainWorldOnly:false
 |   |   |- Guid:B544948D493A1727B1D4ED92CA8325D1 NativeClass:/Script/Engine.StaticMeshActor Name:StaticMeshActor_UAID_74563CBBF6162D4802_1277250451 Label:pppp SpatiallyLoaded:true EditorBounds:IsValid=true, Min=(X=1051.569 Y=2051.212 Z=25.000), Max=(X=1051.569 Y=2051.212 Z=25.000) RuntimeBounds:IsValid=true, Min=(X=1051.569 Y=2051.212 Z=25.000), Max=(X=1051.569 Y=2051.212 Z=25.000) RuntimeGrid:None EditorOnly:false RuntimeOnly:false HLODRelevant:false ListedInSceneOutliner:true IsMainWorldOnly:false
 |   |   |- Guid:C5576550468229BA2899B8AFD6EE1169 BaseClass:/Game/Blueprints/GridManager.GridManager_C NativeClass:/Script/Engine.Actor Name:GridManager_C_UAID_74563CBBF616384802_1538545386 Label:GridManager SpatiallyLoaded:true EditorBounds:IsValid=true, Min=(X=2186.074 Y=2333.009 Z=25.000), Max=(X=2186.074 Y=2333.009 Z=25.000) RuntimeBounds:IsValid=true, Min=(X=2186.074 Y=2333.009 Z=25.000), Max=(X=2186.074 Y=2333.009 Z=25.000) RuntimeGrid:None EditorOnly:false RuntimeOnly:false HLODRelevant:false ListedInSceneOutliner:true IsMainWorldOnly:false
 |   |   |- Guid:C861DBBB4158EE56FD7278B6B9FC2E67 BaseClass:/Game/Blueprints/Coin.Coin_C NativeClass:/Script/Engine.Actor Name:Coin_C_UAID_74563CBBF616334802_1082105503 Label:Coin SpatiallyLoaded:true EditorBounds:IsValid=true, Min=(X=1142.517 Y=1233.086 Z=106.683), Max=(X=1206.517 Y=1297.086 Z=170.683) RuntimeBounds:IsValid=true, Min=(X=1142.517 Y=1233.086 Z=106.683), Max=(X=1206.517 Y=1297.086 Z=170.683) RuntimeGrid:None EditorOnly:false RuntimeOnly:false HLODRelevant:false ListedInSceneOutliner:true IsMainWorldOnly:false
 |   |   |- Guid:CCDD89584E0A9025F52AEDA51D60CA54 NativeClass:/Script/NavigationSystem.NavMeshBoundsVolume Name:NavMeshBoundsVolume_1 Label:NavMeshBoundsVolume SpatiallyLoaded:false EditorBounds:IsValid=true, Min=(X=-100.000 Y=-100.000 Z=-110.000), Max=(X=3100.000 Y=3600.000 Z=390.000) RuntimeBounds:IsValid=true, Min=(X=-100.000 Y=-100.000 Z=-110.000), Max=(X=3100.000 Y=3600.000 Z=390.000) RuntimeGrid:None EditorOnly:false RuntimeOnly:false HLODRelevant:false ListedInSceneOutliner:true IsMainWorldOnly:false FolderPath:Navigation FolderGuid:AE45D61F453CC144CF8289862C276E89
 |   |   |- Guid:CDFB77734621B9D037F9C98C462540D5 BaseClass:/Game/Blueprints/MainTree.MainTree_C NativeClass:/Script/Engine.Character Name:MainTree_C_UAID_74563CBBF6162B4802_1731033095 Label:MainTree SpatiallyLoaded:true EditorBounds:IsValid=true, Min=(X=1120.000 Y=1501.412 Z=25.000), Max=(X=1410.000 Y=1661.412 Z=202.630) RuntimeBounds:IsValid=true, Min=(X=1120.000 Y=1531.412 Z=25.000), Max=(X=1220.000 Y=1631.412 Z=201.000) RuntimeGrid:None EditorOnly:false RuntimeOnly:false HLODRelevant:false ListedInSceneOutliner:true IsMainWorldOnly:false
 |   |   |- Guid:D1C99040441D5B83069418AADAB30CAD BaseClass:/Game/Blueprints/Farm_Test.Farm_Test_C NativeClass:/Script/Engine.Actor Name:Farm_Test_C_UAID_74563CBBF616D94702_1784686664 Label:Farm_Test3 SpatiallyLoaded:true EditorBounds:IsValid=true, Min=(X=1404.635 Y=2302.834 Z=0.000), Max=(X=1501.400 Y=2399.598 Z=22.466) RuntimeBounds:IsValid=true, Min=(X=1404.635 Y=2302.834 Z=0.507), Max=(X=1501.400 Y=2399.598 Z=22.466) RuntimeGrid:None EditorOnly:false RuntimeOnly:false HLODRelevant:false ListedInSceneOutliner:true IsMainWorldOnly:false
 |   |   |- Guid:D24D61B944EF71BE7BC469B7EB239299 NativeClass:/Script/Engine.ExponentialHeightFog Name:ExponentialHeightFog_1 Label:ExponentialHeightFog SpatiallyLoaded:false EditorBounds:IsValid=true, Min=(X=-5600.000 Y=-50.000 Z=-6850.000), Max=(X=-5600.000 Y=-50.000 Z=-6850.000) RuntimeBounds:IsValid=true, Min=(X=-5600.000 Y=-50.000 Z=-6850.000), Max=(X=-5600.000 Y=-50.000 Z=-6850.000) RuntimeGrid:None EditorOnly:false RuntimeOnly:false HLODRelevant:false ListedInSceneOutliner:true IsMainWorldOnly:false FolderPath:Lighting FolderGuid:4C9334684BA61B42C769F799D2576455
 |   |   |- Guid:ED702DEB4F4A6D94A5DB4F9C337C2079 NativeClass:/Script/Engine.TextRenderActor Name:TextRenderActor_0 Label:TextRenderActor SpatiallyLoaded:true EditorBounds:IsValid=true, Min=(X=-0.100 Y=1100.000 Z=65.013), Max=(X=-0.100 Y=2225.000 Z=215.013) RuntimeBounds:IsValid=true, Min=(X=-0.100 Y=1100.000 Z=65.013), Max=(X=-0.100 Y=2225.000 Z=215.013) RuntimeGrid:None EditorOnly:false RuntimeOnly:false HLODRelevant:false ListedInSceneOutliner:true IsMainWorldOnly:false
 |   |   |- Guid:EE15723D49E76F5B64741183843E9B9F BaseClass:/Game/Blueprints/BP_Grid.BP_Grid_C NativeClass:/Script/Engine.Actor Name:BP_Grid_C_UAID_74563CBBF616CF4702_1929658906 Label:BP_Grid SpatiallyLoaded:true EditorBounds:IsValid=true, Min=(X=30.000 Y=40.000 Z=-25.000), Max=(X=3030.000 Y=3540.000 Z=25.000) RuntimeBounds:IsValid=true, Min=(X=30.000 Y=40.000 Z=-25.000), Max=(X=3030.000 Y=3540.000 Z=25.000) RuntimeGrid:None EditorOnly:false RuntimeOnly:false HLODRelevant:false ListedInSceneOutliner:true IsMainWorldOnly:false
 |   |   |- Guid:F33CC5014C49925B3A9D52A063AF483F NativeClass:/Script/Engine.PlayerStart Name:PlayerStart_0 Label:PlayerStart SpatiallyLoaded:false EditorBounds:IsValid=true, Min=(X=960.000 Y=1770.000 Z=0.013), Max=(X=1040.000 Y=1850.000 Z=184.013) RuntimeBounds:IsValid=true, Min=(X=960.000 Y=1770.000 Z=0.013), Max=(X=1040.000 Y=1850.000 Z=184.013) RuntimeGrid:None EditorOnly:false RuntimeOnly:false HLODRelevant:false ListedInSceneOutliner:true IsMainWorldOnly:false
 |   |- [+] Clusters:
 |   |   |- [+] [  0]
 |   |   |   |- Guid:147C8D134B12D635012D5F8C57D2C96F NativeClass:/Script/Engine.PostProcessVolume Name:PostProcessVolume_1 Label:PostProcessVolume SpatiallyLoaded:false EditorBounds:IsValid=true, Min=(X=0.000 Y=0.000 Z=400.000), Max=(X=200.000 Y=200.000 Z=600.000) RuntimeBounds:IsValid=true, Min=(X=0.000 Y=0.000 Z=400.000), Max=(X=200.000 Y=200.000 Z=600.000) RuntimeGrid:None EditorOnly:false RuntimeOnly:false HLODRelevant:false ListedInSceneOutliner:true IsMainWorldOnly:false FolderPath:Lighting FolderGuid:4C9334684BA61B42C769F799D2576455
 |   |   |- [+] [  1]
 |   |   |   |- Guid:1742DF43475F097453197AA79C7473D9 NativeClass:/Script/Engine.SkyLight Name:SkyLight_1 Label:SkyLight SpatiallyLoaded:false EditorBounds:IsValid=true, Min=(X=0.000 Y=0.000 Z=690.000), Max=(X=0.000 Y=0.000 Z=690.000) RuntimeBounds:IsValid=true, Min=(X=0.000 Y=0.000 Z=690.000), Max=(X=0.000 Y=0.000 Z=690.000) RuntimeGrid:None EditorOnly:false RuntimeOnly:false HLODRelevant:false ListedInSceneOutliner:true IsMainWorldOnly:false FolderPath:Lighting FolderGuid:4C9334684BA61B42C769F799D2576455
 |   |   |- [+] [  2]
 |   |   |   |- Guid:2DF0D95440BE0EDA81652F860DC7268E NativeClass:/Script/Engine.WorldDataLayers Name:WorldDataLayers Label:WorldDataLayers SpatiallyLoaded:false EditorBounds:IsValid=true, Min=(X=0.000 Y=0.000 Z=0.000), Max=(X=0.000 Y=0.000 Z=0.000) RuntimeBounds:IsValid=true, Min=(X=0.000 Y=0.000 Z=0.000), Max=(X=0.000 Y=0.000 Z=0.000) RuntimeGrid:None EditorOnly:false RuntimeOnly:false HLODRelevant:false ListedInSceneOutliner:true IsMainWorldOnly:true
 |   |   |- [+] [  3]
 |   |   |   |- Guid:6252C7D64ACF162A73EE65B11FE214D1 NativeClass:/Script/Engine.SkyAtmosphere Name:SkyAtmosphere_1 Label:SkyAtmosphere SpatiallyLoaded:false EditorBounds:IsValid=true, Min=(X=0.000 Y=0.000 Z=1020.000), Max=(X=0.000 Y=0.000 Z=1020.000) RuntimeBounds:IsValid=true, Min=(X=0.000 Y=0.000 Z=1020.000), Max=(X=0.000 Y=0.000 Z=1020.000) RuntimeGrid:None EditorOnly:false RuntimeOnly:false HLODRelevant:false ListedInSceneOutliner:true IsMainWorldOnly:false FolderPath:Lighting FolderGuid:4C9334684BA61B42C769F799D2576455
 |   |   |- [+] [  4]
 |   |   |   |- Guid:66BCBF874D2A22ADC6523B95EE812CA3 NativeClass:/Script/Engine.StaticMeshActor Name:StaticMeshActor_UAID_A4AE111137DC5CFB00_1660657071 Label:SM_SkySphere SpatiallyLoaded:false EditorBounds:IsValid=true, Min=(X=-1638400.000 Y=-1638400.000 Z=-1638400.000), Max=(X=1638400.000 Y=1638400.000 Z=1638400.000) RuntimeBounds:IsValid=true, Min=(X=-1638400.000 Y=-1638400.000 Z=-1638400.000), Max=(X=1638400.000 Y=1638400.000 Z=1638400.000) RuntimeGrid:None EditorOnly:false RuntimeOnly:false HLODRelevant:true ListedInSceneOutliner:true IsMainWorldOnly:false FolderPath:Lighting FolderGuid:4C9334684BA61B42C769F799D2576455
 |   |   |- [+] [  5]
 |   |   |   |- Guid:6B65CC204F521087C1A14C9C10C05AC9 NativeClass:/Script/Engine.CameraActor Name:CameraActor_UAID_74563CBBF616CE4702_1480103727 Label:CameraActor SpatiallyLoaded:true EditorBounds:IsValid=true, Min=(X=-310.000 Y=430.000 Z=-430.000), Max=(X=1710.000 Y=2450.000 Z=1590.000) RuntimeBounds:IsValid=true, Min=(X=700.000 Y=1440.000 Z=580.000), Max=(X=700.000 Y=1440.000 Z=580.000) RuntimeGrid:None EditorOnly:false RuntimeOnly:false HLODRelevant:false ListedInSceneOutliner:true IsMainWorldOnly:false
 |   |   |- [+] [  6]
 |   |   |   |- Guid:77F893B3468595EE782136AD620D7EF4 NativeClass:/Script/Engine.VolumetricCloud Name:VolumetricCloud_0 Label:VolumetricCloud SpatiallyLoaded:false EditorBounds:IsValid=true, Min=(X=0.000 Y=0.000 Z=820.000), Max=(X=0.000 Y=0.000 Z=820.000) RuntimeBounds:IsValid=true, Min=(X=0.000 Y=0.000 Z=820.000), Max=(X=0.000 Y=0.000 Z=820.000) RuntimeGrid:None EditorOnly:false RuntimeOnly:false HLODRelevant:false ListedInSceneOutliner:true IsMainWorldOnly:false FolderPath:Lighting FolderGuid:4C9334684BA61B42C769F799D2576455
 |   |   |- [+] [  7]
 |   |   |   |- Guid:AECEEEE741E6DE68F6843FA49564A956 NativeClass:/Script/Engine.DirectionalLight Name:DirectionalLight_1 Label:DirectionalLight SpatiallyLoaded:false EditorBounds:IsValid=false, Min=(X=0.000 Y=0.000 Z=0.000), Max=(X=0.000 Y=0.000 Z=0.000) RuntimeBounds:IsValid=false, Min=(X=0.000 Y=0.000 Z=0.000), Max=(X=0.000 Y=0.000 Z=0.000) RuntimeGrid:None EditorOnly:false RuntimeOnly:false HLODRelevant:false ListedInSceneOutliner:true IsMainWorldOnly:false FolderPath:Lighting FolderGuid:4C9334684BA61B42C769F799D2576455
 |   |   |- [+] [  8]
 |   |   |   |- Guid:B093C322432D9446110029B33B4FB019 BaseClass:/Game/Blueprints/AI/BP_Enemy.BP_Enemy_C NativeClass:/Script/Engine.Character Name:BP_Enemy_C_UAID_74563CBBF616934802_1802842399 Label:BP_Enemy SpatiallyLoaded:true EditorBounds:IsValid=true, Min=(X=970.000 Y=2240.000 Z=16.574), Max=(X=1281.019 Y=2400.000 Z=203.456) RuntimeBounds:IsValid=true, Min=(X=1136.911 Y=2286.000 Z=16.574), Max=(X=1281.019 Y=2354.000 Z=203.456) RuntimeGrid:None EditorOnly:false RuntimeOnly:false HLODRelevant:false ListedInSceneOutliner:true IsMainWorldOnly:false
 |   |   |- [+] [  9]
 |   |   |   |- Guid:B544948D493A1727B1D4ED92CA8325D1 NativeClass:/Script/Engine.StaticMeshActor Name:StaticMeshActor_UAID_74563CBBF6162D4802_1277250451 Label:pppp SpatiallyLoaded:true EditorBounds:IsValid=true, Min=(X=1051.569 Y=2051.212 Z=25.000), Max=(X=1051.569 Y=2051.212 Z=25.000) RuntimeBounds:IsValid=true, Min=(X=1051.569 Y=2051.212 Z=25.000), Max=(X=1051.569 Y=2051.212 Z=25.000) RuntimeGrid:None EditorOnly:false RuntimeOnly:false HLODRelevant:false ListedInSceneOutliner:true IsMainWorldOnly:false
 |   |   |- [+] [ 10]
 |   |   |   |- Guid:C5576550468229BA2899B8AFD6EE1169 BaseClass:/Game/Blueprints/GridManager.GridManager_C NativeClass:/Script/Engine.Actor Name:GridManager_C_UAID_74563CBBF616384802_1538545386 Label:GridManager SpatiallyLoaded:true EditorBounds:IsValid=true, Min=(X=2186.074 Y=2333.009 Z=25.000), Max=(X=2186.074 Y=2333.009 Z=25.000) RuntimeBounds:IsValid=true, Min=(X=2186.074 Y=2333.009 Z=25.000), Max=(X=2186.074 Y=2333.009 Z=25.000) RuntimeGrid:None EditorOnly:false RuntimeOnly:false HLODRelevant:false ListedInSceneOutliner:true IsMainWorldOnly:false
 |   |   |- [+] [ 11]
 |   |   |   |- Guid:C861DBBB4158EE56FD7278B6B9FC2E67 BaseClass:/Game/Blueprints/Coin.Coin_C NativeClass:/Script/Engine.Actor Name:Coin_C_UAID_74563CBBF616334802_1082105503 Label:Coin SpatiallyLoaded:true EditorBounds:IsValid=true, Min=(X=1142.517 Y=1233.086 Z=106.683), Max=(X=1206.517 Y=1297.086 Z=170.683) RuntimeBounds:IsValid=true, Min=(X=1142.517 Y=1233.086 Z=106.683), Max=(X=1206.517 Y=1297.086 Z=170.683) RuntimeGrid:None EditorOnly:false RuntimeOnly:false HLODRelevant:false ListedInSceneOutliner:true IsMainWorldOnly:false
 |   |   |- [+] [ 12]
 |   |   |   |- Guid:CCDD89584E0A9025F52AEDA51D60CA54 NativeClass:/Script/NavigationSystem.NavMeshBoundsVolume Name:NavMeshBoundsVolume_1 Label:NavMeshBoundsVolume SpatiallyLoaded:false EditorBounds:IsValid=true, Min=(X=-100.000 Y=-100.000 Z=-110.000), Max=(X=3100.000 Y=3600.000 Z=390.000) RuntimeBounds:IsValid=true, Min=(X=-100.000 Y=-100.000 Z=-110.000), Max=(X=3100.000 Y=3600.000 Z=390.000) RuntimeGrid:None EditorOnly:false RuntimeOnly:false HLODRelevant:false ListedInSceneOutliner:true IsMainWorldOnly:false FolderPath:Navigation FolderGuid:AE45D61F453CC144CF8289862C276E89
 |   |   |- [+] [ 13]
 |   |   |   |- Guid:CDFB77734621B9D037F9C98C462540D5 BaseClass:/Game/Blueprints/MainTree.MainTree_C NativeClass:/Script/Engine.Character Name:MainTree_C_UAID_74563CBBF6162B4802_1731033095 Label:MainTree SpatiallyLoaded:true EditorBounds:IsValid=true, Min=(X=1120.000 Y=1501.412 Z=25.000), Max=(X=1410.000 Y=1661.412 Z=202.630) RuntimeBounds:IsValid=true, Min=(X=1120.000 Y=1531.412 Z=25.000), Max=(X=1220.000 Y=1631.412 Z=201.000) RuntimeGrid:None EditorOnly:false RuntimeOnly:false HLODRelevant:false ListedInSceneOutliner:true IsMainWorldOnly:false
 |   |   |- [+] [ 14]
 |   |   |   |- Guid:D1C99040441D5B83069418AADAB30CAD BaseClass:/Game/Blueprints/Farm_Test.Farm_Test_C NativeClass:/Script/Engine.Actor Name:Farm_Test_C_UAID_74563CBBF616D94702_1784686664 Label:Farm_Test3 SpatiallyLoaded:true EditorBounds:IsValid=true, Min=(X=1404.635 Y=2302.834 Z=0.000), Max=(X=1501.400 Y=2399.598 Z=22.466) RuntimeBounds:IsValid=true, Min=(X=1404.635 Y=2302.834 Z=0.507), Max=(X=1501.400 Y=2399.598 Z=22.466) RuntimeGrid:None EditorOnly:false RuntimeOnly:false HLODRelevant:false ListedInSceneOutliner:true IsMainWorldOnly:false
 |   |   |- [+] [ 15]
 |   |   |   |- Guid:D24D61B944EF71BE7BC469B7EB239299 NativeClass:/Script/Engine.ExponentialHeightFog Name:ExponentialHeightFog_1 Label:ExponentialHeightFog SpatiallyLoaded:false EditorBounds:IsValid=true, Min=(X=-5600.000 Y=-50.000 Z=-6850.000), Max=(X=-5600.000 Y=-50.000 Z=-6850.000) RuntimeBounds:IsValid=true, Min=(X=-5600.000 Y=-50.000 Z=-6850.000), Max=(X=-5600.000 Y=-50.000 Z=-6850.000) RuntimeGrid:None EditorOnly:false RuntimeOnly:false HLODRelevant:false ListedInSceneOutliner:true IsMainWorldOnly:false FolderPath:Lighting FolderGuid:4C9334684BA61B42C769F799D2576455
 |   |   |- [+] [ 16]
 |   |   |   |- Guid:ED702DEB4F4A6D94A5DB4F9C337C2079 NativeClass:/Script/Engine.TextRenderActor Name:TextRenderActor_0 Label:TextRenderActor SpatiallyLoaded:true EditorBounds:IsValid=true, Min=(X=-0.100 Y=1100.000 Z=65.013), Max=(X=-0.100 Y=2225.000 Z=215.013) RuntimeBounds:IsValid=true, Min=(X=-0.100 Y=1100.000 Z=65.013), Max=(X=-0.100 Y=2225.000 Z=215.013) RuntimeGrid:None EditorOnly:false RuntimeOnly:false HLODRelevant:false ListedInSceneOutliner:true IsMainWorldOnly:false
 |   |   |- [+] [ 17]
 |   |   |   |- Guid:EE15723D49E76F5B64741183843E9B9F BaseClass:/Game/Blueprints/BP_Grid.BP_Grid_C NativeClass:/Script/Engine.Actor Name:BP_Grid_C_UAID_74563CBBF616CF4702_1929658906 Label:BP_Grid SpatiallyLoaded:true EditorBounds:IsValid=true, Min=(X=30.000 Y=40.000 Z=-25.000), Max=(X=3030.000 Y=3540.000 Z=25.000) RuntimeBounds:IsValid=true, Min=(X=30.000 Y=40.000 Z=-25.000), Max=(X=3030.000 Y=3540.000 Z=25.000) RuntimeGrid:None EditorOnly:false RuntimeOnly:false HLODRelevant:false ListedInSceneOutliner:true IsMainWorldOnly:false
 |   |   |- [+] [ 18]
 |   |   |   |- Guid:F33CC5014C49925B3A9D52A063AF483F NativeClass:/Script/Engine.PlayerStart Name:PlayerStart_0 Label:PlayerStart SpatiallyLoaded:false EditorBounds:IsValid=true, Min=(X=960.000 Y=1770.000 Z=0.013), Max=(X=1040.000 Y=1850.000 Z=184.013) RuntimeBounds:IsValid=true, Min=(X=960.000 Y=1770.000 Z=0.013), Max=(X=1040.000 Y=1850.000 Z=184.013) RuntimeGrid:None EditorOnly:false RuntimeOnly:false HLODRelevant:false ListedInSceneOutliner:true IsMainWorldOnly:false
 |- ContainerInstances:
 |- [+] MainContainer:
 |   |-        ID: 00000000000000000000000000000000
 |   |-  ParentID: 00000000000000000000000000000000
 |   |-    Bounds: IsValid=false, Min=(X=0.000 Y=0.000 Z=0.000), Max=(X=0.000 Y=0.000 Z=0.000)
 |   |- Transform: 0.000000,0.000000,0.000000|0.000000,0.000000,-0.000000|1.000000,1.000000,1.000000
 |   |- Container: /Game/TopDown/Maps/TopDownMap
----------------------------------------------------------------------------------------------------------------
TopDownMap - Persistent Level
----------------------------------------------------------------------------------------------------------------
[+] Content of TopDownMap Persistent Level
 |- Always loaded Actor Count: 19 
 |- Actor Path: /Game/TopDown/Maps/TopDownMap.TopDownMap:PersistentLevel.BP_Enemy_C_UAID_74563CBBF616934802_1802842399
 |- Actor Package: /Game/__ExternalActors__/TopDown/Maps/TopDownMap/7/IN/FC1MOWVJIPOEV0B05YF2AO
 |- Actor Path: /Game/TopDown/Maps/TopDownMap.TopDownMap:PersistentLevel.BP_Grid_C_UAID_74563CBBF616CF4702_1929658906
 |- Actor Package: /Game/__ExternalActors__/TopDown/Maps/TopDownMap/8/VM/YIA39SIIDSXMSX3EJZPASN
 |- Actor Path: /Game/TopDown/Maps/TopDownMap.TopDownMap:PersistentLevel.CameraActor_UAID_74563CBBF616CE4702_1480103727
 |- Actor Package: /Game/__ExternalActors__/TopDown/Maps/TopDownMap/2/K1/QDRW0N79EVWPTH4YVNVV5C
 |- Actor Path: /Game/TopDown/Maps/TopDownMap.TopDownMap:PersistentLevel.Coin_C_UAID_74563CBBF616334802_1082105503
 |- Actor Package: /Game/__ExternalActors__/TopDown/Maps/TopDownMap/7/4X/RL06L6Q9UNSPQINVL3ZS2D
 |- Actor Path: /Game/TopDown/Maps/TopDownMap.TopDownMap:PersistentLevel.DirectionalLight_1
 |- Actor Package: /Game/__ExternalActors__/TopDown/Maps/TopDownMap/A/LM/VRK8UAZR3J2TAKS74SHCUD
 |- Actor Path: /Game/TopDown/Maps/TopDownMap.TopDownMap:PersistentLevel.ExponentialHeightFog_1
 |- Actor Package: /Game/__ExternalActors__/TopDown/Maps/TopDownMap/6/BO/BYV4KSLUROOOL33DU1XUWQ
 |- Actor Path: /Game/TopDown/Maps/TopDownMap.TopDownMap:PersistentLevel.Farm_Test_C_UAID_74563CBBF616D94702_1784686664
 |- Actor Package: /Game/__ExternalActors__/TopDown/Maps/TopDownMap/E/46/MYWVQHP0BB912BYD66EIC4
 |- Actor Path: /Game/TopDown/Maps/TopDownMap.TopDownMap:PersistentLevel.GridManager_C_UAID_74563CBBF616384802_1538545386
 |- Actor Package: /Game/__ExternalActors__/TopDown/Maps/TopDownMap/3/9I/CGB32IO3PMX51GM3VBNMEB
 |- Actor Path: /Game/TopDown/Maps/TopDownMap.TopDownMap:PersistentLevel.MainTree_C_UAID_74563CBBF6162B4802_1731033095
 |- Actor Package: /Game/__ExternalActors__/TopDown/Maps/TopDownMap/1/7Y/4KRR0BGFJ5LH70P3XZ3IP8
 |- Actor Path: /Game/TopDown/Maps/TopDownMap.TopDownMap:PersistentLevel.NavMeshBoundsVolume_1
 |- Actor Package: /Game/__ExternalActors__/TopDown/Maps/TopDownMap/0/QS/8AKCSH4RXXQHHQMCR8GO6C
 |- Actor Path: /Game/TopDown/Maps/TopDownMap.TopDownMap:PersistentLevel.PlayerStart_0
 |- Actor Package: /Game/__ExternalActors__/TopDown/Maps/TopDownMap/6/OI/H4CYGWRMJ49ZI6AS2GNGQY
 |- Actor Path: /Game/TopDown/Maps/TopDownMap.TopDownMap:PersistentLevel.PostProcessVolume_1
 |- Actor Package: /Game/__ExternalActors__/TopDown/Maps/TopDownMap/6/VI/ESHAVRHFZFA2JDR9ZAQIOE
 |- Actor Path: /Game/TopDown/Maps/TopDownMap.TopDownMap:PersistentLevel.SkyAtmosphere_1
 |- Actor Package: /Game/__ExternalActors__/TopDown/Maps/TopDownMap/5/YN/TCNGOWDVRBFBJ5YZR7VI7S
 |- Actor Path: /Game/TopDown/Maps/TopDownMap.TopDownMap:PersistentLevel.SkyLight_1
 |- Actor Package: /Game/__ExternalActors__/TopDown/Maps/TopDownMap/E/LR/47NTFRDFK6M7265A1UYTOW
 |- Actor Path: /Game/TopDown/Maps/TopDownMap.TopDownMap:PersistentLevel.StaticMeshActor_UAID_74563CBBF6162D4802_1277250451
 |- Actor Package: /Game/__ExternalActors__/TopDown/Maps/TopDownMap/5/L0/H26CHXN1NX567SCXET7UK2
 |- Actor Path: /Game/TopDown/Maps/TopDownMap.TopDownMap:PersistentLevel.StaticMeshActor_UAID_A4AE111137DC5CFB00_1660657071
 |- Actor Package: /Game/__ExternalActors__/TopDown/Maps/TopDownMap/C/MV/UE2U7GTDT7WM2AVP83861S
 |- Actor Path: /Game/TopDown/Maps/TopDownMap.TopDownMap:PersistentLevel.TextRenderActor_0
 |- Actor Package: /Game/__ExternalActors__/TopDown/Maps/TopDownMap/9/FY/45JOQ38QR4K2P62IGCH99F
 |- Actor Path: /Game/TopDown/Maps/TopDownMap.TopDownMap:PersistentLevel.VolumetricCloud_0
 |- Actor Package: /Game/__ExternalActors__/TopDown/Maps/TopDownMap/6/GY/HOVAYB977GD5L9YGZ5S1T6
 |- Actor Path: /Game/TopDown/Maps/TopDownMap.TopDownMap:PersistentLevel.WorldDataLayers
 |- Actor Package: /Game/__ExternalActors__/TopDown/Maps/TopDownMap/A/RN/FHX05LPSBNMAJG3SW97PS7

----------------------------------------------------------------------------------------------------------------
TopDownMap - Runtime Hash Set
----------------------------------------------------------------------------------------------------------------

